<?xml version="1.0" encoding="UTF-8"?>
<testng-results total="2" passed="2" failed="0" skipped="0">
  <reporter-output>
  </reporter-output>
  <suite started-at="2023-08-27T16:22:38Z" name="SchoolTest" finished-at="2023-08-27T16:22:38Z" duration-ms="111">
    <groups>
    </groups>
    <test started-at="2023-08-27T16:22:38Z" name="Command line test" finished-at="2023-08-27T16:22:38Z" duration-ms="111">
      <class name="SchoolTest">
        <test-method is-config="true" signature="setUpClass()[pri:0, instance:SchoolTest@53fe15ff]" started-at="2023-08-27T11:22:38Z" name="setUpClass" finished-at="2023-08-27T11:22:38Z" duration-ms="25" status="PASS">
          <reporter-output>
          </reporter-output>
        </test-method> <!-- setUpClass -->
        <test-method is-config="true" signature="setUpMethod()[pri:0, instance:SchoolTest@53fe15ff]" started-at="2023-08-27T11:22:38Z" name="setUpMethod" finished-at="2023-08-27T11:22:38Z" duration-ms="26" status="PASS">
          <reporter-output>
          </reporter-output>
        </test-method> <!-- setUpMethod -->
        <test-method signature="schoolTest()[pri:0, instance:SchoolTest@53fe15ff]" started-at="2023-08-27T11:22:38Z" name="schoolTest" finished-at="2023-08-27T11:22:38Z" duration-ms="3" status="PASS">
          <reporter-output>
          </reporter-output>
        </test-method> <!-- schoolTest -->
        <test-method is-config="true" signature="tearDownMethod()[pri:0, instance:SchoolTest@53fe15ff]" started-at="2023-08-27T11:22:38Z" name="tearDownMethod" finished-at="2023-08-27T11:22:38Z" duration-ms="0" status="PASS">
          <reporter-output>
          </reporter-output>
        </test-method> <!-- tearDownMethod -->
        <test-method is-config="true" signature="setUpMethod()[pri:0, instance:SchoolTest@53fe15ff]" started-at="2023-08-27T11:22:38Z" name="setUpMethod" finished-at="2023-08-27T11:22:38Z" duration-ms="1" status="PASS">
          <reporter-output>
          </reporter-output>
        </test-method> <!-- setUpMethod -->
        <test-method signature="tostringTest()[pri:0, instance:SchoolTest@53fe15ff]" started-at="2023-08-27T11:22:38Z" name="tostringTest" finished-at="2023-08-27T11:22:38Z" duration-ms="29" status="PASS">
          <reporter-output>
          </reporter-output>
        </test-method> <!-- tostringTest -->
        <test-method is-config="true" signature="tearDownMethod()[pri:0, instance:SchoolTest@53fe15ff]" started-at="2023-08-27T11:22:38Z" name="tearDownMethod" finished-at="2023-08-27T11:22:38Z" duration-ms="1" status="PASS">
          <reporter-output>
          </reporter-output>
        </test-method> <!-- tearDownMethod -->
        <test-method is-config="true" signature="tearDownClass()[pri:0, instance:SchoolTest@53fe15ff]" started-at="2023-08-27T11:22:38Z" name="tearDownClass" finished-at="2023-08-27T11:22:38Z" duration-ms="0" status="PASS">
          <reporter-output>
          </reporter-output>
        </test-method> <!-- tearDownClass -->
      </class> <!-- SchoolTest -->
    </test> <!-- Command line test -->
  </suite> <!-- SchoolTest -->
</testng-results>
