<?xml version="1.0" encoding="UTF-8"?>
<testng-results total="3" passed="3" failed="0" skipped="0">
  <reporter-output>
  </reporter-output>
  <suite started-at="2023-08-27T15:16:42Z" name="RactangleTest" finished-at="2023-08-27T15:16:43Z" duration-ms="110">
    <groups>
    </groups>
    <test started-at="2023-08-27T15:16:42Z" name="Command line test" finished-at="2023-08-27T15:16:43Z" duration-ms="110">
      <class name="RactangleTest">
        <test-method is-config="true" signature="setUpClass()[pri:0, instance:RactangleTest@6e6f2380]" started-at="2023-08-27T10:16:42Z" name="setUpClass" finished-at="2023-08-27T10:16:42Z" duration-ms="30" status="PASS">
          <reporter-output>
          </reporter-output>
        </test-method> <!-- setUpClass -->
        <test-method is-config="true" signature="setUpMethod()[pri:0, instance:RactangleTest@6e6f2380]" started-at="2023-08-27T10:16:42Z" name="setUpMethod" finished-at="2023-08-27T10:16:42Z" duration-ms="11" status="PASS">
          <reporter-output>
          </reporter-output>
        </test-method> <!-- setUpMethod -->
        <test-method signature="AreaTest()[pri:0, instance:RactangleTest@6e6f2380]" started-at="2023-08-27T10:16:42Z" name="AreaTest" finished-at="2023-08-27T10:16:42Z" duration-ms="9" status="PASS">
          <reporter-output>
          </reporter-output>
        </test-method> <!-- AreaTest -->
        <test-method is-config="true" signature="tearDownMethod()[pri:0, instance:RactangleTest@6e6f2380]" started-at="2023-08-27T10:16:42Z" name="tearDownMethod" finished-at="2023-08-27T10:16:42Z" duration-ms="0" status="PASS">
          <reporter-output>
          </reporter-output>
        </test-method> <!-- tearDownMethod -->
        <test-method signature="periTest()[pri:0, instance:RactangleTest@6e6f2380]" started-at="2023-08-27T10:16:42Z" name="periTest" finished-at="2023-08-27T10:16:42Z" duration-ms="0" status="PASS">
          <reporter-output>
          </reporter-output>
        </test-method> <!-- periTest -->
        <test-method is-config="true" signature="tearDownMethod()[pri:0, instance:RactangleTest@6e6f2380]" started-at="2023-08-27T10:16:42Z" name="tearDownMethod" finished-at="2023-08-27T10:16:42Z" duration-ms="1" status="PASS">
          <reporter-output>
          </reporter-output>
        </test-method> <!-- tearDownMethod -->
        <test-method is-config="true" signature="setUpMethod()[pri:0, instance:RactangleTest@6e6f2380]" started-at="2023-08-27T10:16:42Z" name="setUpMethod" finished-at="2023-08-27T10:16:42Z" duration-ms="0" status="PASS">
          <reporter-output>
          </reporter-output>
        </test-method> <!-- setUpMethod -->
        <test-method is-config="true" signature="setUpMethod()[pri:0, instance:RactangleTest@6e6f2380]" started-at="2023-08-27T10:16:42Z" name="setUpMethod" finished-at="2023-08-27T10:16:42Z" duration-ms="0" status="PASS">
          <reporter-output>
          </reporter-output>
        </test-method> <!-- setUpMethod -->
        <test-method signature="stringTest()[pri:0, instance:RactangleTest@6e6f2380]" started-at="2023-08-27T10:16:42Z" name="stringTest" finished-at="2023-08-27T10:16:42Z" duration-ms="28" status="PASS">
          <reporter-output>
          </reporter-output>
        </test-method> <!-- stringTest -->
        <test-method is-config="true" signature="tearDownClass()[pri:0, instance:RactangleTest@6e6f2380]" started-at="2023-08-27T10:16:42Z" name="tearDownClass" finished-at="2023-08-27T10:16:42Z" duration-ms="1" status="PASS">
          <reporter-output>
          </reporter-output>
        </test-method> <!-- tearDownClass -->
        <test-method is-config="true" signature="tearDownMethod()[pri:0, instance:RactangleTest@6e6f2380]" started-at="2023-08-27T10:16:42Z" name="tearDownMethod" finished-at="2023-08-27T10:16:42Z" duration-ms="0" status="PASS">
          <reporter-output>
          </reporter-output>
        </test-method> <!-- tearDownMethod -->
      </class> <!-- RactangleTest -->
    </test> <!-- Command line test -->
  </suite> <!-- RactangleTest -->
</testng-results>
